<?xml version="1.0" encoding="UTF-8"?>
<!-- Generated by org.testng.reporters.JUnitReportReporter -->
<testsuite hostname="SYNLPT275" failures="0" tests="1" name="com.herokuapp.restfullbooker.DeleteBookingTests" time="6.793" errors="0" timestamp="2023-06-23T15:30:54 IST" skipped="0">
  <testcase classname="com.herokuapp.restfullbooker.DeleteBookingTests" name="deleteBookingTest" time="6.793"/>
  <system-out/>
</testsuite> <!-- com.herokuapp.restfullbooker.DeleteBookingTests -->
