<?xml version="1.0" encoding="UTF-8"?>
<!-- Generated by org.testng.reporters.JUnitReportReporter -->
<testsuite hostname="SYNLPT275" failures="0" tests="2" name="com.herokuapp.restfullbooker.GetBookingIdsTests" time="4.480" errors="0" timestamp="2023-07-04T12:26:05 IST" skipped="0">
  <testcase classname="com.herokuapp.restfullbooker.GetBookingIdsTests" name="getBookingIdsWithoutFilterTest" time="1.642"/>
  <system-out/>
  <testcase classname="com.herokuapp.restfullbooker.GetBookingIdsTests" name="getBookingIdsWithFilterTest" time="2.838"/>
  <system-out/>
</testsuite> <!-- com.herokuapp.restfullbooker.GetBookingIdsTests -->
