<?xml version="1.0" encoding="UTF-8"?>
<!-- Generated by org.testng.reporters.JUnitReportReporter -->
<testsuite hostname="SYNLPT275" failures="0" tests="1" name="com.herokuapp.restfullbooker.UpdateBookingTests" time="4.446" errors="0" timestamp="2023-06-23T13:36:24 IST" skipped="0">
  <testcase classname="com.herokuapp.restfullbooker.UpdateBookingTests" name="updateBookingTest" time="4.446"/>
  <system-out/>
</testsuite> <!-- com.herokuapp.restfullbooker.UpdateBookingTests -->
