<?xml version="1.0" encoding="UTF-8"?>
<!-- Generated by org.testng.reporters.JUnitReportReporter -->
<testsuite hostname="SYNLPT275" failures="0" tests="1" name="com.herokuapp.restfullbooker.GetBookingTests" time="4.554" errors="0" timestamp="2023-07-04T13:36:24 IST" skipped="0">
  <testcase classname="com.herokuapp.restfullbooker.GetBookingTests" name="getBookingXMLTest" time="4.554"/>
  <system-out/>
</testsuite> <!-- com.herokuapp.restfullbooker.GetBookingTests -->
