<?xml version="1.0" encoding="UTF-8"?>
<!-- Generated by org.testng.reporters.JUnitReportReporter -->
<testsuite hostname="SYNLPT275" failures="0" tests="1" name="com.herokuapp.restfullbooker.CreateBookingTests" time="2.879" errors="0" timestamp="2023-07-04T15:20:49 IST" skipped="0">
  <testcase classname="com.herokuapp.restfullbooker.CreateBookingTests" name="createBookingWithPOJOTest" time="2.879"/>
  <system-out/>
</testsuite> <!-- com.herokuapp.restfullbooker.CreateBookingTests -->
