<?xml version="1.0" encoding="UTF-8"?>
<!-- Generated by org.testng.reporters.JUnitReportReporter -->
<testsuite hostname="SYNLPT275" failures="0" tests="1" name="com.herokuapp.restfullbooker.PartialUpdateBookingTests" time="4.297" errors="0" timestamp="2023-06-23T15:01:46 IST" skipped="0">
  <testcase classname="com.herokuapp.restfullbooker.PartialUpdateBookingTests" name="partialUpdateBookingTest" time="4.297"/>
  <system-out/>
</testsuite> <!-- com.herokuapp.restfullbooker.PartialUpdateBookingTests -->
